  Assignment7.cpp
F:\ \! Msc iT\Sem 1\Z Assignments\Programming\Programming Assignment\Assignment7\Assignment7.cpp(496,9): warning C4309: '=': truncation of constant value
F:\ \! Msc iT\Sem 1\Z Assignments\Programming\Programming Assignment\Assignment7\Assignment7.cpp(497,9): warning C4309: '=': truncation of constant value
F:\ \! Msc iT\Sem 1\Z Assignments\Programming\Programming Assignment\Assignment7\Assignment7.cpp(498,9): warning C4309: '=': truncation of constant value
F:\ \! Msc iT\Sem 1\Z Assignments\Programming\Programming Assignment\Assignment7\Assignment7.cpp(499,9): warning C4309: '=': truncation of constant value
F:\ \! Msc iT\Sem 1\Z Assignments\Programming\Programming Assignment\Assignment7\Assignment7.cpp(500,9): warning C4309: '=': truncation of constant value
F:\ \! Msc iT\Sem 1\Z Assignments\Programming\Programming Assignment\Assignment7\Assignment7.cpp(501,9): warning C4309: '=': truncation of constant value
F:\ \! Msc iT\Sem 1\Z Assignments\Programming\Programming Assignment\Assignment7\Assignment7.cpp(504,9): warning C4309: '=': truncation of constant value
F:\ \! Msc iT\Sem 1\Z Assignments\Programming\Programming Assignment\Assignment7\Assignment7.cpp(505,9): warning C4309: '=': truncation of constant value
F:\ \! Msc iT\Sem 1\Z Assignments\Programming\Programming Assignment\Assignment7\Assignment7.cpp(506,10): warning C4309: '=': truncation of constant value
F:\ \! Msc iT\Sem 1\Z Assignments\Programming\Programming Assignment\Assignment7\Assignment7.cpp(507,10): warning C4309: '=': truncation of constant value
F:\ \! Msc iT\Sem 1\Z Assignments\Programming\Programming Assignment\Assignment7\Assignment7.cpp(509,10): warning C4309: '=': truncation of constant value
F:\ \! Msc iT\Sem 1\Z Assignments\Programming\Programming Assignment\Assignment7\Assignment7.cpp(510,10): warning C4309: '=': truncation of constant value
F:\ \! Msc iT\Sem 1\Z Assignments\Programming\Programming Assignment\Assignment7\Assignment7.cpp(511,10): warning C4309: '=': truncation of constant value
F:\ \! Msc iT\Sem 1\Z Assignments\Programming\Programming Assignment\Assignment7\Assignment7.cpp(512,10): warning C4309: '=': truncation of constant value
F:\ \! Msc iT\Sem 1\Z Assignments\Programming\Programming Assignment\Assignment7\Assignment7.cpp(513,10): warning C4309: '=': truncation of constant value
F:\ \! Msc iT\Sem 1\Z Assignments\Programming\Programming Assignment\Assignment7\Assignment7.cpp(514,10): warning C4309: '=': truncation of constant value
F:\ \! Msc iT\Sem 1\Z Assignments\Programming\Programming Assignment\Assignment7\Assignment7.cpp(532,39): warning C4267: 'initializing': conversion from 'size_t' to 'int', possible loss of data
F:\ \! Msc iT\Sem 1\Z Assignments\Programming\Programming Assignment\Assignment7\Assignment7.cpp(625,1): warning C4326: return type of 'main' should be 'int' instead of 'void'
  Assignment7.vcxproj -> F:\ \! Msc iT\Sem 1\Z Assignments\Programming\Programming Assignment\x64\Debug\Assignment7.exe
